{"H:\\projetos\\mywallet\\api\\app.js": {"path":"H:\\projetos\\mywallet\\api\\app.js","statementMap":{"0":{"start":{"line":4,"column":12},"end":{"line":4,"column":21}},"1":{"start":{"line":5,"column":0},"end":{"line":5,"column":24}},"2":{"start":{"line":6,"column":0},"end":{"line":6,"column":16}}},"fnMap":{},"branchMap":{},"s":{"0":1,"1":1,"2":1},"f":{},"b":{},"_coverageSchema":"1a1c01bbd47fc00a2c39e90264f33305004495a9","hash":"c262b272d402a180d85eb82b4d8d9152df9e3e2c"}
,"H:\\projetos\\mywallet\\api\\databaseConnection.js": {"path":"H:\\projetos\\mywallet\\api\\databaseConnection.js","statementMap":{"0":{"start":{"line":4,"column":17},"end":{"line":4,"column":19}},"1":{"start":{"line":6,"column":19},"end":{"line":12,"column":2}}},"fnMap":{},"branchMap":{},"s":{"0":2,"1":2},"f":{},"b":{},"_coverageSchema":"1a1c01bbd47fc00a2c39e90264f33305004495a9","hash":"4efe1b343777ed7e1dd27fd208bb1472998eb62a"}
,"H:\\projetos\\mywallet\\api\\helpers.js": {"path":"H:\\projetos\\mywallet\\api\\helpers.js","statementMap":{"0":{"start":{"line":2,"column":4},"end":{"line":2,"column":73}}},"fnMap":{"0":{"name":"empty","decl":{"start":{"line":1,"column":9},"end":{"line":1,"column":14}},"loc":{"start":{"line":1,"column":22},"end":{"line":3,"column":1}},"line":1}},"branchMap":{"0":{"loc":{"start":{"line":2,"column":12},"end":{"line":2,"column":71}},"type":"binary-expr","locations":[{"start":{"line":2,"column":12},"end":{"line":2,"column":30}},{"start":{"line":2,"column":34},"end":{"line":2,"column":48}},{"start":{"line":2,"column":52},"end":{"line":2,"column":71}}],"line":2}},"s":{"0":8},"f":{"0":8},"b":{"0":[8,7,7]},"_coverageSchema":"1a1c01bbd47fc00a2c39e90264f33305004495a9","hash":"681a92752d9d6c4eeb4e02b24b1427acdbd345a0"}
,"H:\\projetos\\mywallet\\api\\routes.js": {"path":"H:\\projetos\\mywallet\\api\\routes.js","statementMap":{"0":{"start":{"line":4,"column":15},"end":{"line":4,"column":23}},"1":{"start":{"line":6,"column":0},"end":{"line":6,"column":45}},"2":{"start":{"line":6,"column":28},"end":{"line":6,"column":43}},"3":{"start":{"line":7,"column":0},"end":{"line":7,"column":32}}},"fnMap":{"0":{"name":"(anonymous_0)","decl":{"start":{"line":6,"column":16},"end":{"line":6,"column":17}},"loc":{"start":{"line":6,"column":28},"end":{"line":6,"column":43}},"line":6}},"branchMap":{},"s":{"0":1,"1":1,"2":0,"3":1},"f":{"0":0},"b":{},"_coverageSchema":"1a1c01bbd47fc00a2c39e90264f33305004495a9","hash":"f7b61a613fcc3cf2f5fa6057785d4e66134f6c12"}
,"H:\\projetos\\mywallet\\api\\app\\Errors\\DatabaseTestError.js": {"path":"H:\\projetos\\mywallet\\api\\app\\Errors\\DatabaseTestError.js","statementMap":{"0":{"start":{"line":3,"column":8},"end":{"line":3,"column":44}},"1":{"start":{"line":4,"column":8},"end":{"line":4,"column":30}},"2":{"start":{"line":5,"column":8},"end":{"line":5,"column":70}}},"fnMap":{"0":{"name":"(anonymous_0)","decl":{"start":{"line":2,"column":4},"end":{"line":2,"column":5}},"loc":{"start":{"line":2,"column":36},"end":{"line":6,"column":5}},"line":2}},"branchMap":{"0":{"loc":{"start":{"line":3,"column":14},"end":{"line":3,"column":42}},"type":"binary-expr","locations":[{"start":{"line":3,"column":14},"end":{"line":3,"column":19}},{"start":{"line":3,"column":23},"end":{"line":3,"column":42}}],"line":3},"1":{"loc":{"start":{"line":5,"column":23},"end":{"line":5,"column":69}},"type":"binary-expr","locations":[{"start":{"line":5,"column":23},"end":{"line":5,"column":30}},{"start":{"line":5,"column":34},"end":{"line":5,"column":69}}],"line":5}},"s":{"0":1,"1":1,"2":1},"f":{"0":1},"b":{"0":[1,1],"1":[1,1]},"_coverageSchema":"1a1c01bbd47fc00a2c39e90264f33305004495a9","hash":"1303ae97fc98ccebc04253f127d7affc70152e4f"}
,"H:\\projetos\\mywallet\\api\\app\\Errors\\DuplicatedError.js": {"path":"H:\\projetos\\mywallet\\api\\app\\Errors\\DuplicatedError.js","statementMap":{"0":{"start":{"line":3,"column":8},"end":{"line":3,"column":42}},"1":{"start":{"line":4,"column":8},"end":{"line":4,"column":30}},"2":{"start":{"line":5,"column":8},"end":{"line":5,"column":61}}},"fnMap":{"0":{"name":"(anonymous_0)","decl":{"start":{"line":2,"column":4},"end":{"line":2,"column":5}},"loc":{"start":{"line":2,"column":36},"end":{"line":6,"column":5}},"line":2}},"branchMap":{"0":{"loc":{"start":{"line":3,"column":14},"end":{"line":3,"column":40}},"type":"binary-expr","locations":[{"start":{"line":3,"column":14},"end":{"line":3,"column":19}},{"start":{"line":3,"column":23},"end":{"line":3,"column":40}}],"line":3},"1":{"loc":{"start":{"line":5,"column":23},"end":{"line":5,"column":60}},"type":"binary-expr","locations":[{"start":{"line":5,"column":23},"end":{"line":5,"column":30}},{"start":{"line":5,"column":34},"end":{"line":5,"column":60}}],"line":5}},"s":{"0":0,"1":0,"2":0},"f":{"0":0},"b":{"0":[0,0],"1":[0,0]},"_coverageSchema":"1a1c01bbd47fc00a2c39e90264f33305004495a9","hash":"71d0c0f7de91c46b30161d2e10a43fe6eb160e08"}
,"H:\\projetos\\mywallet\\api\\app\\Errors\\FieldValuesError.js": {"path":"H:\\projetos\\mywallet\\api\\app\\Errors\\FieldValuesError.js","statementMap":{"0":{"start":{"line":3,"column":8},"end":{"line":3,"column":43}},"1":{"start":{"line":4,"column":8},"end":{"line":4,"column":30}},"2":{"start":{"line":5,"column":8},"end":{"line":5,"column":65}}},"fnMap":{"0":{"name":"(anonymous_0)","decl":{"start":{"line":2,"column":4},"end":{"line":2,"column":5}},"loc":{"start":{"line":2,"column":36},"end":{"line":6,"column":5}},"line":2}},"branchMap":{"0":{"loc":{"start":{"line":3,"column":14},"end":{"line":3,"column":41}},"type":"binary-expr","locations":[{"start":{"line":3,"column":14},"end":{"line":3,"column":19}},{"start":{"line":3,"column":23},"end":{"line":3,"column":41}}],"line":3},"1":{"loc":{"start":{"line":5,"column":23},"end":{"line":5,"column":64}},"type":"binary-expr","locations":[{"start":{"line":5,"column":23},"end":{"line":5,"column":30}},{"start":{"line":5,"column":34},"end":{"line":5,"column":64}}],"line":5}},"s":{"0":0,"1":0,"2":0},"f":{"0":0},"b":{"0":[0,0],"1":[0,0]},"_coverageSchema":"1a1c01bbd47fc00a2c39e90264f33305004495a9","hash":"09ac0bada1b9ff19a9a07de8adf308c99ef965fb"}
,"H:\\projetos\\mywallet\\api\\app\\Validations\\UserValidation.js": {"path":"H:\\projetos\\mywallet\\api\\app\\Validations\\UserValidation.js","statementMap":{"0":{"start":{"line":3,"column":19},"end":{"line":8,"column":2}}},"fnMap":{},"branchMap":{},"s":{"0":1},"f":{},"b":{},"_coverageSchema":"1a1c01bbd47fc00a2c39e90264f33305004495a9","hash":"9c4d40e69d3ea6180afd0319fa0b5e1dbf793d24"}
,"H:\\projetos\\mywallet\\api\\app\\controllers\\userController.js": {"path":"H:\\projetos\\mywallet\\api\\app\\controllers\\userController.js","statementMap":{"0":{"start":{"line":6,"column":4},"end":{"line":22,"column":5}},"1":{"start":{"line":7,"column":74},"end":{"line":7,"column":82}},"2":{"start":{"line":8,"column":27},"end":{"line":8,"column":56}},"3":{"start":{"line":10,"column":8},"end":{"line":12,"column":9}},"4":{"start":{"line":11,"column":12},"end":{"line":11,"column":89}},"5":{"start":{"line":14,"column":8},"end":{"line":16,"column":9}},"6":{"start":{"line":15,"column":12},"end":{"line":15,"column":79}},"7":{"start":{"line":18,"column":8},"end":{"line":18,"column":49}},"8":{"start":{"line":19,"column":8},"end":{"line":19,"column":28}},"9":{"start":{"line":21,"column":8},"end":{"line":21,"column":64}}},"fnMap":{"0":{"name":"signup","decl":{"start":{"line":5,"column":15},"end":{"line":5,"column":21}},"loc":{"start":{"line":5,"column":32},"end":{"line":23,"column":1}},"line":5}},"branchMap":{"0":{"loc":{"start":{"line":10,"column":8},"end":{"line":12,"column":9}},"type":"if","locations":[{"start":{"line":10,"column":8},"end":{"line":12,"column":9}},{"start":{},"end":{}}],"line":10},"1":{"loc":{"start":{"line":14,"column":8},"end":{"line":16,"column":9}},"type":"if","locations":[{"start":{"line":14,"column":8},"end":{"line":16,"column":9}},{"start":{},"end":{}}],"line":14},"2":{"loc":{"start":{"line":21,"column":19},"end":{"line":21,"column":42}},"type":"binary-expr","locations":[{"start":{"line":21,"column":19},"end":{"line":21,"column":35}},{"start":{"line":21,"column":39},"end":{"line":21,"column":42}}],"line":21}},"s":{"0":1,"1":1,"2":1,"3":1,"4":0,"5":1,"6":0,"7":1,"8":1,"9":0},"f":{"0":1},"b":{"0":[0,1],"1":[0,1],"2":[0,0]},"_coverageSchema":"1a1c01bbd47fc00a2c39e90264f33305004495a9","hash":"3e8da16d19334156bc3c6995b07a0e58221b3691"}
,"H:\\projetos\\mywallet\\api\\app\\repositories\\userRepository.js": {"path":"H:\\projetos\\mywallet\\api\\app\\repositories\\userRepository.js","statementMap":{"0":{"start":{"line":4,"column":19},"end":{"line":7,"column":5}},"1":{"start":{"line":9,"column":4},"end":{"line":9,"column":32}},"2":{"start":{"line":13,"column":17},"end":{"line":13,"column":94}},"3":{"start":{"line":14,"column":4},"end":{"line":14,"column":32}}},"fnMap":{"0":{"name":"create","decl":{"start":{"line":3,"column":15},"end":{"line":3,"column":21}},"loc":{"start":{"line":3,"column":48},"end":{"line":10,"column":1}},"line":3},"1":{"name":"findByUsername","decl":{"start":{"line":12,"column":15},"end":{"line":12,"column":29}},"loc":{"start":{"line":12,"column":40},"end":{"line":15,"column":1}},"line":12}},"branchMap":{"0":{"loc":{"start":{"line":14,"column":11},"end":{"line":14,"column":31}},"type":"binary-expr","locations":[{"start":{"line":14,"column":11},"end":{"line":14,"column":23}},{"start":{"line":14,"column":27},"end":{"line":14,"column":31}}],"line":14}},"s":{"0":3,"1":1,"2":1,"3":1},"f":{"0":3,"1":1},"b":{"0":[1,1]},"_coverageSchema":"1a1c01bbd47fc00a2c39e90264f33305004495a9","hash":"0a6e609f951b863f301bdca8a7caa64d3c033492"}
,"H:\\projetos\\mywallet\\api\\app\\services\\userService.js": {"path":"H:\\projetos\\mywallet\\api\\app\\services\\userService.js","statementMap":{"0":{"start":{"line":6,"column":41},"end":{"line":6,"column":47}},"1":{"start":{"line":8,"column":4},"end":{"line":10,"column":5}},"2":{"start":{"line":9,"column":8},"end":{"line":9,"column":75}},"3":{"start":{"line":12,"column":27},"end":{"line":12,"column":56}},"4":{"start":{"line":13,"column":4},"end":{"line":13,"column":58}},"5":{"start":{"line":17,"column":17},"end":{"line":17,"column":62}},"6":{"start":{"line":18,"column":4},"end":{"line":18,"column":18}}},"fnMap":{"0":{"name":"registerUser","decl":{"start":{"line":5,"column":15},"end":{"line":5,"column":27}},"loc":{"start":{"line":5,"column":36},"end":{"line":14,"column":1}},"line":5},"1":{"name":"usernameAlreadyExist","decl":{"start":{"line":16,"column":15},"end":{"line":16,"column":35}},"loc":{"start":{"line":16,"column":46},"end":{"line":19,"column":1}},"line":16}},"branchMap":{"0":{"loc":{"start":{"line":8,"column":4},"end":{"line":10,"column":5}},"type":"if","locations":[{"start":{"line":8,"column":4},"end":{"line":10,"column":5}},{"start":{},"end":{}}],"line":8}},"s":{"0":1,"1":1,"2":0,"3":1,"4":1,"5":1,"6":1},"f":{"0":1,"1":1},"b":{"0":[0,1]},"_coverageSchema":"1a1c01bbd47fc00a2c39e90264f33305004495a9","hash":"a06601cb58db4631b6dae7cf09813dc4912086bb"}
,"H:\\projetos\\mywallet\\api\\tests\\factories\\userFactory.js": {"path":"H:\\projetos\\mywallet\\api\\tests\\factories\\userFactory.js","statementMap":{"0":{"start":{"line":4,"column":21},"end":{"line":4,"column":41}},"1":{"start":{"line":5,"column":17},"end":{"line":10,"column":5}},"2":{"start":{"line":12,"column":4},"end":{"line":12,"column":16}}},"fnMap":{"0":{"name":"createUser","decl":{"start":{"line":3,"column":9},"end":{"line":3,"column":19}},"loc":{"start":{"line":3,"column":22},"end":{"line":13,"column":1}},"line":3},"1":{"name":"registerUser","decl":{"start":{"line":15,"column":9},"end":{"line":15,"column":21}},"loc":{"start":{"line":15,"column":24},"end":{"line":17,"column":1}},"line":15}},"branchMap":{},"s":{"0":2,"1":2,"2":2},"f":{"0":2,"1":0},"b":{},"_coverageSchema":"1a1c01bbd47fc00a2c39e90264f33305004495a9","hash":"e70af3645f478768f13a54b44f5c19f2aa1ca3ce"}
,"H:\\projetos\\mywallet\\api\\tests\\mocks\\databaseMock.js": {"path":"H:\\projetos\\mywallet\\api\\tests\\mocks\\databaseMock.js","statementMap":{"0":{"start":{"line":5,"column":22},"end":{"line":5,"column":26}},"1":{"start":{"line":6,"column":4},"end":{"line":10,"column":7}},"2":{"start":{"line":7,"column":8},"end":{"line":9,"column":9}},"3":{"start":{"line":8,"column":12},"end":{"line":8,"column":32}},"4":{"start":{"line":12,"column":4},"end":{"line":14,"column":5}},"5":{"start":{"line":13,"column":8},"end":{"line":13,"column":57}},"6":{"start":{"line":16,"column":4},"end":{"line":16,"column":27}}},"fnMap":{"0":{"name":"simpleQueryMock","decl":{"start":{"line":4,"column":9},"end":{"line":4,"column":24}},"loc":{"start":{"line":4,"column":65},"end":{"line":17,"column":1}},"line":4},"1":{"name":"(anonymous_1)","decl":{"start":{"line":6,"column":17},"end":{"line":6,"column":18}},"loc":{"start":{"line":6,"column":28},"end":{"line":10,"column":5}},"line":6}},"branchMap":{"0":{"loc":{"start":{"line":4,"column":32},"end":{"line":4,"column":41}},"type":"default-arg","locations":[{"start":{"line":4,"column":39},"end":{"line":4,"column":41}}],"line":4},"1":{"loc":{"start":{"line":4,"column":43},"end":{"line":4,"column":63}},"type":"default-arg","locations":[{"start":{"line":4,"column":58},"end":{"line":4,"column":63}}],"line":4},"2":{"loc":{"start":{"line":7,"column":8},"end":{"line":9,"column":9}},"type":"if","locations":[{"start":{"line":7,"column":8},"end":{"line":9,"column":9}},{"start":{},"end":{}}],"line":7},"3":{"loc":{"start":{"line":12,"column":4},"end":{"line":14,"column":5}},"type":"if","locations":[{"start":{"line":12,"column":4},"end":{"line":14,"column":5}},{"start":{},"end":{}}],"line":12},"4":{"loc":{"start":{"line":12,"column":8},"end":{"line":12,"column":52}},"type":"binary-expr","locations":[{"start":{"line":12,"column":8},"end":{"line":12,"column":20}},{"start":{"line":12,"column":24},"end":{"line":12,"column":36}},{"start":{"line":12,"column":40},"end":{"line":12,"column":52}}],"line":12}},"s":{"0":2,"1":2,"2":6,"3":1,"4":2,"5":1,"6":1},"f":{"0":2,"1":6},"b":{"0":[0],"1":[2],"2":[1,5],"3":[1,1],"4":[2,2,2]},"_coverageSchema":"1a1c01bbd47fc00a2c39e90264f33305004495a9","hash":"efd034b6a42b54c0b5a106ebaaad3e68bb0d4a51"}
}
