TN:
SF:app.js
FNF:0
FNH:0
DA:4,1
DA:5,1
DA:6,1
LF:3
LH:3
BRF:0
BRH:0
end_of_record
TN:
SF:databaseConnection.js
FNF:0
FNH:0
DA:4,2
DA:6,2
LF:2
LH:2
BRF:0
BRH:0
end_of_record
TN:
SF:helpers.js
FN:1,empty
FNF:1
FNH:1
FNDA:8,empty
DA:2,8
LF:1
LH:1
BRDA:2,0,0,8
BRDA:2,0,1,7
BRDA:2,0,2,7
BRF:3
BRH:3
end_of_record
TN:
SF:routes.js
FN:6,(anonymous_0)
FNF:1
FNH:0
FNDA:0,(anonymous_0)
DA:4,1
DA:6,1
DA:7,1
LF:3
LH:3
BRF:0
BRH:0
end_of_record
TN:
SF:app\Errors\DatabaseTestError.js
FN:2,(anonymous_0)
FNF:1
FNH:1
FNDA:1,(anonymous_0)
DA:3,1
DA:4,1
DA:5,1
LF:3
LH:3
BRDA:3,0,0,1
BRDA:3,0,1,1
BRDA:5,1,0,1
BRDA:5,1,1,1
BRF:4
BRH:4
end_of_record
TN:
SF:app\Errors\DuplicatedError.js
FN:2,(anonymous_0)
FNF:1
FNH:0
FNDA:0,(anonymous_0)
DA:3,0
DA:4,0
DA:5,0
LF:3
LH:0
BRDA:3,0,0,0
BRDA:3,0,1,0
BRDA:5,1,0,0
BRDA:5,1,1,0
BRF:4
BRH:0
end_of_record
TN:
SF:app\Errors\FieldValuesError.js
FN:2,(anonymous_0)
FNF:1
FNH:0
FNDA:0,(anonymous_0)
DA:3,0
DA:4,0
DA:5,0
LF:3
LH:0
BRDA:3,0,0,0
BRDA:3,0,1,0
BRDA:5,1,0,0
BRDA:5,1,1,0
BRF:4
BRH:0
end_of_record
TN:
SF:app\Validations\UserValidation.js
FNF:0
FNH:0
DA:3,1
LF:1
LH:1
BRF:0
BRH:0
end_of_record
TN:
SF:app\controllers\userController.js
FN:5,signup
FNF:1
FNH:1
FNDA:1,signup
DA:6,1
DA:7,1
DA:8,1
DA:10,1
DA:11,0
DA:14,1
DA:15,0
DA:18,1
DA:19,1
DA:21,0
LF:10
LH:7
BRDA:10,0,0,0
BRDA:10,0,1,1
BRDA:14,1,0,0
BRDA:14,1,1,1
BRDA:21,2,0,0
BRDA:21,2,1,0
BRF:6
BRH:2
end_of_record
TN:
SF:app\repositories\userRepository.js
FN:3,create
FN:12,findByUsername
FNF:2
FNH:2
FNDA:3,create
FNDA:1,findByUsername
DA:4,3
DA:9,1
DA:13,1
DA:14,1
LF:4
LH:4
BRDA:14,0,0,1
BRDA:14,0,1,1
BRF:2
BRH:2
end_of_record
TN:
SF:app\services\userService.js
FN:5,registerUser
FN:16,usernameAlreadyExist
FNF:2
FNH:2
FNDA:1,registerUser
FNDA:1,usernameAlreadyExist
DA:6,1
DA:8,1
DA:9,0
DA:12,1
DA:13,1
DA:17,1
DA:18,1
LF:7
LH:6
BRDA:8,0,0,0
BRDA:8,0,1,1
BRF:2
BRH:1
end_of_record
TN:
SF:tests\factories\userFactory.js
FN:3,createUser
FN:15,registerUser
FNF:2
FNH:1
FNDA:2,createUser
FNDA:0,registerUser
DA:4,2
DA:5,2
DA:12,2
LF:3
LH:3
BRF:0
BRH:0
end_of_record
TN:
SF:tests\mocks\databaseMock.js
FN:4,simpleQueryMock
FN:6,(anonymous_1)
FNF:2
FNH:2
FNDA:2,simpleQueryMock
FNDA:6,(anonymous_1)
DA:5,2
DA:6,2
DA:7,6
DA:8,1
DA:12,2
DA:13,1
DA:16,1
LF:7
LH:7
BRDA:4,0,0,0
BRDA:4,1,0,2
BRDA:7,2,0,1
BRDA:7,2,1,5
BRDA:12,3,0,1
BRDA:12,3,1,1
BRDA:12,4,0,2
BRDA:12,4,1,2
BRDA:12,4,2,2
BRF:9
BRH:8
end_of_record
